<?xml version="1.0" encoding="UTF-8"?>
<testng-results skipped="0" failed="0" ignored="0" total="1" passed="1">
  <reporter-output>
  </reporter-output>
  <suite name="Suite" duration-ms="37535" started-at="2019-05-01T14:28:58Z" finished-at="2019-05-01T14:29:36Z">
    <groups>
    </groups>
    <test name="Test" duration-ms="37535" started-at="2019-05-01T14:28:58Z" finished-at="2019-05-01T14:29:36Z">
      <class name="AutoITExample.UploadTest">
        <test-method status="PASS" signature="OpenBrowser()[pri:0, instance:AutoITExample.UploadTest@79b4d0f]" name="OpenBrowser" is-config="true" duration-ms="10519" started-at="2019-05-01T09:28:58Z" finished-at="2019-05-01T09:29:09Z">
          <reporter-output>
          </reporter-output>
        </test-method> <!-- OpenBrowser -->
        <test-method status="PASS" signature="UploadPicture()[pri:0, instance:AutoITExample.UploadTest@79b4d0f]" name="UploadPicture" duration-ms="26988" started-at="2019-05-01T09:29:09Z" finished-at="2019-05-01T09:29:36Z">
          <reporter-output>
          </reporter-output>
        </test-method> <!-- UploadPicture -->
        <test-method status="PASS" signature="CloseBrowser()[pri:0, instance:AutoITExample.UploadTest@79b4d0f]" name="CloseBrowser" is-config="true" duration-ms="130" started-at="2019-05-01T09:29:36Z" finished-at="2019-05-01T09:29:36Z">
          <reporter-output>
          </reporter-output>
        </test-method> <!-- CloseBrowser -->
      </class> <!-- AutoITExample.UploadTest -->
    </test> <!-- Test -->
  </suite> <!-- Suite -->
</testng-results>
