<?xml version="1.0" encoding="UTF-8"?>
<!-- Generated by org.testng.reporters.JUnitXMLReporter -->
<testsuite hostname="DESKTOP-DKS51S2" ignored="0" name="MavenTest" tests="1" failures="1" timestamp="30 abr 2019 22:41:00 GMT" time="7.833" errors="0">
  <testcase name="ValidateTitle" time="0.006" classname="seleniumMaven.TestingGoogleTitle">
    <failure type="java.lang.NullPointerException">
      <![CDATA[java.lang.NullPointerException
at seleniumMaven.TestingGoogleTitle.ValidateTitle(TestingGoogleTitle.java:27)
... Removed 25 stack frames]]>
    </failure>
  </testcase> <!-- ValidateTitle -->
</testsuite> <!-- MavenTest -->
