<?xml version="1.0" encoding="UTF-8"?>
<testng-results skipped="0" failed="0" ignored="0" total="1" passed="1">
  <reporter-output>
  </reporter-output>
  <suite name="Default suite" duration-ms="7578" started-at="2019-04-30T22:43:22Z" finished-at="2019-04-30T22:43:29Z">
    <groups>
    </groups>
    <test name="Default test" duration-ms="7578" started-at="2019-04-30T22:43:22Z" finished-at="2019-04-30T22:43:29Z">
      <class name="seleniumMaven.TestingGoogleTitle">
        <test-method status="PASS" signature="OpenAUT()[pri:0, instance:seleniumMaven.TestingGoogleTitle@66a3ffec]" name="OpenAUT" is-config="true" duration-ms="7540" started-at="2019-04-30T22:43:22Z" finished-at="2019-04-30T22:43:29Z">
          <reporter-output>
          </reporter-output>
        </test-method> <!-- OpenAUT -->
        <test-method status="PASS" signature="ValidateTitle()[pri:0, instance:seleniumMaven.TestingGoogleTitle@66a3ffec]" name="ValidateTitle" duration-ms="17" started-at="2019-04-30T22:43:29Z" finished-at="2019-04-30T22:43:29Z">
          <reporter-output>
          </reporter-output>
        </test-method> <!-- ValidateTitle -->
        <test-method status="PASS" signature="CloseBrowser()[pri:0, instance:seleniumMaven.TestingGoogleTitle@66a3ffec]" name="CloseBrowser" is-config="true" duration-ms="826" started-at="2019-04-30T22:43:29Z" finished-at="2019-04-30T22:43:30Z">
          <reporter-output>
          </reporter-output>
        </test-method> <!-- CloseBrowser -->
      </class> <!-- seleniumMaven.TestingGoogleTitle -->
    </test> <!-- Default test -->
  </suite> <!-- Default suite -->
</testng-results>
