<?xml version="1.0" encoding="UTF-8"?>
<!-- Generated by org.testng.reporters.JUnitXMLReporter -->
<testsuite hostname="DESKTOP-DKS51S2" ignored="0" name="Test" tests="4" failures="0" timestamp="01 may 2019 18:50:36 GMT" time="0.047" errors="0">
  <testcase name="f" time="0.007" classname="testCases.enrolledCourse"/>
  <testcase name="f" time="0.002" classname="testCases.blogsSelenium"/>
  <testcase name="f" time="0.002" classname="testCases.seleniumCourse"/>
  <testcase name="f" time="0.002" classname="testCases.dataProfile"/>
</testsuite> <!-- Test -->
