<?xml version="1.0" encoding="UTF-8"?>
<testng-results skipped="0" failed="0" ignored="0" total="1" passed="1">
  <reporter-output>
  </reporter-output>
  <suite name="Default suite" duration-ms="11995" started-at="2019-04-30T21:41:47Z" finished-at="2019-04-30T21:41:59Z">
    <groups>
    </groups>
    <test name="Default test" duration-ms="11995" started-at="2019-04-30T21:41:47Z" finished-at="2019-04-30T21:41:59Z">
      <class name="mavenTest.NewTest">
        <test-method status="PASS" signature="beforeTest()[pri:0, instance:mavenTest.NewTest@12cdcf4]" name="beforeTest" is-config="true" duration-ms="3898" started-at="2019-04-30T21:41:47Z" finished-at="2019-04-30T21:41:51Z">
          <reporter-output>
          </reporter-output>
        </test-method> <!-- beforeTest -->
        <test-method status="PASS" signature="testEasy()[pri:0, instance:mavenTest.NewTest@12cdcf4]" name="testEasy" duration-ms="6902" started-at="2019-04-30T21:41:51Z" finished-at="2019-04-30T21:41:58Z">
          <reporter-output>
          </reporter-output>
        </test-method> <!-- testEasy -->
        <test-method status="PASS" signature="afterTest()[pri:0, instance:mavenTest.NewTest@12cdcf4]" name="afterTest" is-config="true" duration-ms="1170" started-at="2019-04-30T21:41:58Z" finished-at="2019-04-30T21:41:59Z">
          <reporter-output>
          </reporter-output>
        </test-method> <!-- afterTest -->
      </class> <!-- mavenTest.NewTest -->
    </test> <!-- Default test -->
  </suite> <!-- Default suite -->
</testng-results>
