<?xml version="1.0" encoding="UTF-8"?>
<testng-results skipped="0" failed="0" ignored="0" total="1" passed="1">
  <reporter-output>
  </reporter-output>
  <suite name="Default suite" duration-ms="36287" started-at="2019-05-01T14:26:53Z" finished-at="2019-05-01T14:27:29Z">
    <groups>
    </groups>
    <test name="Default test" duration-ms="36287" started-at="2019-05-01T14:26:53Z" finished-at="2019-05-01T14:27:29Z">
      <class name="AutoITExample.UploadTest">
        <test-method status="PASS" signature="OpenBrowser()[pri:0, instance:AutoITExample.UploadTest@1b604f19]" name="OpenBrowser" is-config="true" duration-ms="9685" started-at="2019-05-01T09:26:53Z" finished-at="2019-05-01T09:27:03Z">
          <reporter-output>
          </reporter-output>
        </test-method> <!-- OpenBrowser -->
        <test-method status="PASS" signature="UploadPicture()[pri:0, instance:AutoITExample.UploadTest@1b604f19]" name="UploadPicture" duration-ms="26562" started-at="2019-05-01T09:27:03Z" finished-at="2019-05-01T09:27:29Z">
          <reporter-output>
          </reporter-output>
        </test-method> <!-- UploadPicture -->
        <test-method status="PASS" signature="CloseBrowser()[pri:0, instance:AutoITExample.UploadTest@1b604f19]" name="CloseBrowser" is-config="true" duration-ms="125" started-at="2019-05-01T09:27:29Z" finished-at="2019-05-01T09:27:30Z">
          <reporter-output>
          </reporter-output>
        </test-method> <!-- CloseBrowser -->
      </class> <!-- AutoITExample.UploadTest -->
    </test> <!-- Default test -->
  </suite> <!-- Default suite -->
</testng-results>
